Build started 18/04/2015 5:18:33 PM.
     1>Project "D:\Github Repositories\Artificial-Intelligence-for-Games\AIEProjects-StarterTemplate\Project1\Project1.vcxproj" on node 2 (Build target(s)).
     1>ClCompile:
         C:\Program Files (x86)\Microsoft Visual Studio 12.0\VC\bin\CL.exe /c /I"D:\Github Repositories\Artificial-Intelligence-for-Games\AIEProjects-StarterTemplate\AIE_GL\include\\" /I"D:\Github Repositories\Artificial-Intelligence-for-Games\AIEProjects-StarterTemplate\libraries\glfw3\include\GLFW\\" /I"D:\Github Repositories\Artificial-Intelligence-for-Games\AIEProjects-StarterTemplate\libraries\glew\include\\" /I"D:\Github Repositories\Artificial-Intelligence-for-Games\AIEProjects-StarterTemplate\Project1\include\\" /ZI /nologo /W3 /WX- /Od /Oy- /D WIN32 /D _DEBUG /D _CONSOLE /D _UNICODE /D UNICODE /Gm /EHsc /RTC1 /MDd /GS /fp:precise /Zc:wchar_t /Zc:forScope /Fo"D:\Github Repositories\Artificial-Intelligence-for-Games\AIEProjects-StarterTemplate\CompilerJunk\Project1Debug\\" /Fd"D:\Github Repositories\Artificial-Intelligence-for-Games\AIEProjects-StarterTemplate\CompilerJunk\Project1Debug\vc120.pdb" /Gd /TP /analyze- /errorReport:prompt source\Game1.cpp
         Game1.cpp
     1>d:\github repositories\artificial-intelligence-for-games\aieprojects-startertemplate\project1\include\node.h(61): warning C4244: 'return' : conversion from 'int' to 'float', possible loss of data
     1>d:\github repositories\artificial-intelligence-for-games\aieprojects-startertemplate\project1\source\game1.cpp(13): warning C4244: 'argument' : conversion from 'time_t' to 'unsigned int', possible loss of data
     1>d:\github repositories\artificial-intelligence-for-games\aieprojects-startertemplate\project1\source\game1.cpp(531): warning C4244: 'initializing' : conversion from 'std::streamoff' to 'int', possible loss of data
     1>cl : Command line warning D9028: minimal rebuild failure, reverting to normal build
       Link:
         C:\Program Files (x86)\Microsoft Visual Studio 12.0\VC\bin\link.exe /ERRORREPORT:PROMPT /OUT:"D:\Github Repositories\Artificial-Intelligence-for-Games\AIEProjects-StarterTemplate\Compiled\Project1Debug\Project1.exe" /INCREMENTAL /NOLOGO /LIBPATH:"D:\Github Repositories\Artificial-Intelligence-for-Games\AIEProjects-StarterTemplate\AIE_GL\bin\\" /LIBPATH:"D:\Github Repositories\Artificial-Intelligence-for-Games\AIEProjects-StarterTemplate\libraries\glew\lib\Release\Win32\\" /LIBPATH:"D:\Github Repositories\Artificial-Intelligence-for-Games\AIEProjects-StarterTemplate\libraries\glfw3\lib-vc2013\\" OpenGL32.lib AIE_GL_d.lib glew32.lib glfw3.lib kernel32.lib user32.lib gdi32.lib winspool.lib comdlg32.lib advapi32.lib shell32.lib ole32.lib oleaut32.lib uuid.lib odbc32.lib odbccp32.lib /MANIFEST /MANIFESTUAC:"level='asInvoker' uiAccess='false'" /manifest:embed /DEBUG /PDB:"D:\Github Repositories\Artificial-Intelligence-for-Games\AIEProjects-StarterTemplate\Compiled\Project1Debug\Project1.pdb" /SUBSYSTEM:CONSOLE /TLBID:1 /DYNAMICBASE /NXCOMPAT /IMPLIB:"D:\Github Repositories\Artificial-Intelligence-for-Games\AIEProjects-StarterTemplate\Compiled\Project1Debug\Project1.lib" /MACHINE:X86 "D:\Github Repositories\Artificial-Intelligence-for-Games\AIEProjects-StarterTemplate\CompilerJunk\Project1Debug\main.obj"
         "D:\Github Repositories\Artificial-Intelligence-for-Games\AIEProjects-StarterTemplate\CompilerJunk\Project1Debug\Game1.obj"
         "D:\Github Repositories\Artificial-Intelligence-for-Games\AIEProjects-StarterTemplate\CompilerJunk\Project1Debug\Graph.obj"
         "D:\Github Repositories\Artificial-Intelligence-for-Games\AIEProjects-StarterTemplate\CompilerJunk\Project1Debug\Node.obj"
         "D:\Github Repositories\Artificial-Intelligence-for-Games\AIEProjects-StarterTemplate\CompilerJunk\Project1Debug\Pathfinder.obj"
     1>LINK : warning LNK4098: defaultlib 'MSVCRT' conflicts with use of other libs; use /NODEFAULTLIB:library
     1>AIE_GL_d.lib(Input.obj) : warning LNK4099: PDB 'vc120.pdb' was not found with 'AIE_GL_d.lib(Input.obj)' or at 'D:\Github Repositories\Artificial-Intelligence-for-Games\AIEProjects-StarterTemplate\Compiled\Project1Debug\vc120.pdb'; linking object as if no debug info
     1>AIE_GL_d.lib(lodepng.obj) : warning LNK4099: PDB 'vc120.pdb' was not found with 'AIE_GL_d.lib(lodepng.obj)' or at 'D:\Github Repositories\Artificial-Intelligence-for-Games\AIEProjects-StarterTemplate\Compiled\Project1Debug\vc120.pdb'; linking object as if no debug info
     1>AIE_GL_d.lib(RenderTexture.obj) : warning LNK4099: PDB 'vc120.pdb' was not found with 'AIE_GL_d.lib(RenderTexture.obj)' or at 'D:\Github Repositories\Artificial-Intelligence-for-Games\AIEProjects-StarterTemplate\Compiled\Project1Debug\vc120.pdb'; linking object as if no debug info
     1>AIE_GL_d.lib(SpriteBatch.obj) : warning LNK4099: PDB 'vc120.pdb' was not found with 'AIE_GL_d.lib(SpriteBatch.obj)' or at 'D:\Github Repositories\Artificial-Intelligence-for-Games\AIEProjects-StarterTemplate\Compiled\Project1Debug\vc120.pdb'; linking object as if no debug info
     1>AIE_GL_d.lib(SpriteBatch_GL3.obj) : warning LNK4099: PDB 'vc120.pdb' was not found with 'AIE_GL_d.lib(SpriteBatch_GL3.obj)' or at 'D:\Github Repositories\Artificial-Intelligence-for-Games\AIEProjects-StarterTemplate\Compiled\Project1Debug\vc120.pdb'; linking object as if no debug info
     1>AIE_GL_d.lib(Texture.obj) : warning LNK4099: PDB 'vc120.pdb' was not found with 'AIE_GL_d.lib(Texture.obj)' or at 'D:\Github Repositories\Artificial-Intelligence-for-Games\AIEProjects-StarterTemplate\Compiled\Project1Debug\vc120.pdb'; linking object as if no debug info
         Project1.vcxproj -> D:\Github Repositories\Artificial-Intelligence-for-Games\AIEProjects-StarterTemplate\Compiled\Project1Debug\Project1.exe
     1>Done Building Project "D:\Github Repositories\Artificial-Intelligence-for-Games\AIEProjects-StarterTemplate\Project1\Project1.vcxproj" (Build target(s)).

Build succeeded.

Time Elapsed 00:00:04.19
